ganache v7.9.1 (@ganache/cli: 0.10.1, @ganache/core: 0.10.1)
Starting RPC server

Available Accounts
==================
(0) 0x612d884B1B2594da814809AB61cC545003f1108c (1000 ETH)
(1) 0xE22a731578bF697C834742bfe81D1612bbae1dF6 (1000 ETH)
(2) 0x255eB7831B5F94d2dB461288AEAa4817BEdC130c (1000 ETH)
(3) 0x19b6c78AD590C08fa80a9F5b52f59b3af45cE417 (1000 ETH)
(4) 0xdEc41F5A9eB5085C44a908c063Fe7e1cA432ADee (1000 ETH)
(5) 0x276709e4ED608656fA94E73DF27965A924EFFF0D (1000 ETH)
(6) 0x2901883De2A732DE89272585048957Fa0F78eeD0 (1000 ETH)
(7) 0xB0B0ABe54e1901Dc457De9EbeF791cd2B42E3714 (1000 ETH)
(8) 0xf960bBE947FEcF4C2d04603727Dd1CFCDd394005 (1000 ETH)
(9) 0x56879c008a35716CE8F4aD61D787848773FB7cCc (1000 ETH)

Private Keys
==================
(0) 0xf2ecb977abf1305f3fa989c79e1101e5daa4741d324ffaedc30026f739dfd8c1
(1) 0xab11bf91c441396050e54f2bdcb5b6290a4f50c8d0ba7632809f60af7da7f3a6
(2) 0xedce750fcd96893507f7b4388b8a20ebd4df2a1680af58f4b7b67d767a288a7a
(3) 0x32b89ba96c14f6dafee49802552974d877b1f274dd5eafbfb340e9f2a565f8d9
(4) 0xdbdbf3d88e7d9d0c8e874e42ccb3aff5da7ed02a453c3dd157307462c2ae3e2b
(5) 0x16babfc3e94c1e314acd25f345b6627166730bfb2d4d8637db9ebc75c1f3ad45
(6) 0x0b87b94a4eeff2e45765decfdfc8b56237ef425000aa1a43d42f17c1d0307080
(7) 0xbfd302827f5be267e5eb875be603b964c42173f89c7bcb6b909e785056e6327d
(8) 0x6926514ba2eccbe798d2f83f760165c933157b5567102609e8ef94852e6453c5
(9) 0x3c3c5dc7a9a7096c955d63aa799f78d549287908603c4973111d1ac2c5549b1d

HD Wallet
==================
Mnemonic:      portion metal tackle mule organ quit violin tube nephew fringe cargo crucial
Base HD Path:  m/44'/60'/0'/0/{account_index}

Default Gas Price
==================
2000000000

BlockGas Limit
==================
30000000

Call Gas Limit
==================
50000000

Chain
==================
Hardfork: shanghai
Id:       1337

RPC Listening on 127.0.0.1:8545
eth_estimateGas
eth_blockNumber
net_version
eth_accounts
eth_blockNumber
net_version
eth_accounts
eth_getBlockByNumber
eth_accounts
net_version
eth_getBlockByNumber
eth_getBlockByNumber
net_version
eth_getBlockByNumber
eth_estimateGas
net_version
eth_blockNumber
eth_getBlockByNumber
eth_getBlockByNumber
eth_gasPrice
eth_sendTransaction

  Transaction: 0x004ef5455a967b774713bd341485c433c671f943aaf4fc9218fc04e34c8f7eab
  Contract created: 0x8a78b936aa9d33f85a9d36ac81e25a77f3ec1305
  Gas usage: 239948
  Block number: 1
  Block time: Sun Sep 21 2025 16:46:31 GMT+0000 (Coordinated Universal Time)

eth_getTransactionReceipt
eth_getCode
eth_getBlockByNumber
eth_getBlockByNumber
eth_getBlockByNumber
eth_gasPrice
eth_sendTransaction

  Transaction: 0x85745fa311884b6b74b91c7146517f7aeb5a3f6f8d7a8540a271f47d8c867a10
  Gas usage: 45748
  Block number: 2
  Block time: Sun Sep 21 2025 16:46:31 GMT+0000 (Coordinated Universal Time)

eth_getTransactionReceipt
eth_getBlockByNumber
eth_accounts
net_version
eth_getBlockByNumber
eth_getBlockByNumber
net_version
eth_getBlockByNumber
eth_estimateGas
net_version
eth_blockNumber
eth_getBlockByNumber
eth_getBlockByNumber
eth_gasPrice
eth_sendTransaction

  Transaction: 0xf1d50c351cbd6ad61af30af82e896a8ccdc676cce33ab55c5354fd3b02aa51c5
  Contract created: 0x4413cbe48eb5d2c2ce1249eb6439a9b671e367e8
  Gas usage: 2298843
  Block number: 3
  Block time: Sun Sep 21 2025 16:46:31 GMT+0000 (Coordinated Universal Time)

eth_getTransactionReceipt
eth_getCode
eth_getBlockByNumber
eth_getBlockByNumber
eth_getBlockByNumber
eth_gasPrice
eth_sendTransaction

  Transaction: 0x1a9b431c435663c5b9f4dfd2f7b79a228a889974e51632b1b05696db1e0b3d81
  Gas usage: 28648
  Block number: 4
  Block time: Sun Sep 21 2025 16:46:31 GMT+0000 (Coordinated Universal Time)

eth_getTransactionReceipt
evm_snapshot
Saved snapshot #1
net_version
eth_blockNumber
eth_getBlockByNumber
eth_getBlockByNumber
eth_gasPrice
eth_sendTransaction

  Transaction: 0xfe7859c7bb4efa24cdc059e6dae83b58c0e0717dadc5ff8dbcb94aa18b844fca
  Contract created: 0xc215c277ec5c7032ec32c8fec331dbbb76aaa8b8
  Gas usage: 2298843
  Block number: 5
  Block time: Sun Sep 21 2025 16:46:31 GMT+0000 (Coordinated Universal Time)

eth_getTransactionReceipt
eth_getCode
eth_call
eth_call
eth_blockNumber
eth_getBlockByNumber
eth_getBlockByNumber
eth_gasPrice
eth_sendTransaction

  Transaction: 0xe2cb1897017164e7a2f8b452fddd6ae18e666a8a4ffe85a1b6e8e7d373379f23
  Contract created: 0x9b784d5dda71e84f545a67ab45421122fe775ba4
  Gas usage: 2298843
  Block number: 6
  Block time: Sun Sep 21 2025 16:46:31 GMT+0000 (Coordinated Universal Time)

eth_getTransactionReceipt
eth_getCode
eth_getBlockByNumber
eth_getBlockByNumber
eth_gasPrice
eth_sendTransaction

  Transaction: 0x74c8782c83c040122c2042055ac295781acd95f1f1aec80cdd734c94f4fe4467
  Gas usage: 101434
  Block number: 7
  Block time: Sun Sep 21 2025 16:46:31 GMT+0000 (Coordinated Universal Time)

eth_getTransactionReceipt
eth_call
eth_getBlockByNumber
eth_getBlockByNumber
eth_gasPrice
eth_sendTransaction

  Transaction: 0xea6528b2a2727fb9a6df600b021db826abcf606d7157867f705d946f65ce3ee5
  Gas usage: 175425
  Block number: 8
  Block time: Sun Sep 21 2025 16:46:31 GMT+0000 (Coordinated Universal Time)

eth_getTransactionReceipt
eth_call
eth_getBlockByNumber
eth_getBlockByNumber
eth_gasPrice
eth_sendTransaction

  Transaction: 0x1fc08398d1825639792aee685364c33accdf2997fb365446ecf6c4761ea5a44f
  Gas usage: 122973
  Block number: 9
  Block time: Sun Sep 21 2025 16:46:31 GMT+0000 (Coordinated Universal Time)

eth_getTransactionReceipt
eth_call
eth_getBlockByNumber
eth_getBlockByNumber
eth_gasPrice
eth_sendTransaction

  Transaction: 0xa5311631eb2b84f13c37913b227f586b9193e8ad5fe635a18940a4997821c8a8
  Gas usage: 91458
  Block number: 10
  Block time: Sun Sep 21 2025 16:46:31 GMT+0000 (Coordinated Universal Time)

eth_getTransactionReceipt
eth_call
eth_getBlockByNumber
eth_getBlockByNumber
eth_gasPrice
eth_sendTransaction

  Transaction: 0xc03cdf59a6bed5c633ad727adaf187b3efb272fb2e6a0237ddeead926b696535
  Gas usage: 83418
  Block number: 11
  Block time: Sun Sep 21 2025 16:46:32 GMT+0000 (Coordinated Universal Time)

eth_getTransactionReceipt
eth_call
eth_call
eth_getBlockByNumber
eth_getBlockByNumber
eth_gasPrice
eth_sendTransaction
eth_getBlockByNumber
eth_getBlockByNumber
eth_getBlockByNumber
eth_getBlockByNumber

  Transaction: 0xd017847470ec7e003397081cc75eee1108f4283515db1bb28178940127dea6e7
  Gas usage: 169411
  Block number: 12
  Block time: Sun Sep 21 2025 16:46:32 GMT+0000 (Coordinated Universal Time)

eth_getTransactionReceipt
eth_call
eth_call
eth_call
eth_getBlockByNumber
eth_getBlockByNumber
eth_gasPrice
eth_sendTransaction
eth_getBlockByNumber
eth_getBlockByNumber

  Transaction: 0xf02a7d81e23081a9e658e4410a8c9daa9f88801b3d60ee80a2c581a9be8f66c4
  Gas usage: 84788
  Block number: 13
  Block time: Sun Sep 21 2025 16:46:32 GMT+0000 (Coordinated Universal Time)

eth_getTransactionReceipt
eth_call
eth_call
eth_blockNumber
eth_getBlockByNumber
eth_getBlockByNumber
eth_gasPrice
eth_sendTransaction
eth_getBlockByNumber
eth_getBlockByNumber

  Transaction: 0xeaf37952e20e882ad00aaf06b4237bb2c9ce70fb4ea13a814e8c67e23c73a0f4
  Contract created: 0x9677958638ed35a6bc58d912eddc8955a207a373
  Gas usage: 2298843
  Block number: 14
  Block time: Sun Sep 21 2025 16:46:32 GMT+0000 (Coordinated Universal Time)

eth_getTransactionReceipt
eth_getCode
eth_getBlockByNumber
eth_getBlockByNumber
eth_gasPrice
eth_sendTransaction

  Transaction: 0xfe56bb2308bdc36f545aec01ea0a01765d113cf54e8bfdabc379449ec751313a
  Gas usage: 119035
  Block number: 15
  Block time: Sun Sep 21 2025 16:46:32 GMT+0000 (Coordinated Universal Time)

eth_getTransactionReceipt
eth_call
eth_getBlockByNumber
eth_getBlockByNumber
eth_gasPrice
eth_sendTransaction

  Transaction: 0x7b3d8920689cb53471721118ac8bcb94e5cea72d1eff5718c200c5572a5da22a
  Gas usage: 91866
  Block number: 16
  Block time: Sun Sep 21 2025 16:46:32 GMT+0000 (Coordinated Universal Time)

eth_getTransactionReceipt
eth_call
eth_getBlockByNumber
eth_getBlockByNumber
eth_gasPrice
eth_sendTransaction

  Transaction: 0x6eb7f2556bd8ffd50cd30e1c67f36780e12fbbf9db22c649af0b4ef119fe2ca8
  Gas usage: 74766
  Block number: 17
  Block time: Sun Sep 21 2025 16:46:32 GMT+0000 (Coordinated Universal Time)

eth_getTransactionReceipt
eth_call
